0 info it worked if it ends with ok
1 verbose cli [ '/usr/local/bin/node',
1 verbose cli   '/usr/local/bin/npm',
1 verbose cli   'r',
1 verbose cli   '-g',
1 verbose cli   'simplesim' ]
2 info using npm@1.4.28
3 info using node@v0.10.33
4 verbose lib/node_modules/simplesim unbuild
5 info preuninstall simplesim@0.0.1
6 info uninstall simplesim@0.0.1
7 verbose true,/usr/local/lib/node_modules,/usr/local/lib/node_modules unbuild simplesim@0.0.1
8 verbose /usr/local/bin,[object Object] binRoot
9 error Refusing to delete: /usr/local/bin/alloy not in /usr/local/lib/node_modules/simplesim
File exists: /usr/local/bin/alloy
Move it away, and try again.
10 error System Darwin 14.0.0
11 error command "/usr/local/bin/node" "/usr/local/bin/npm" "r" "-g" "simplesim"
12 error cwd /Users/admin/repos/simplesim
13 error node -v v0.10.33
14 error npm -v 1.4.28
15 error path /usr/local/bin/alloy
16 error code EEXIST
17 verbose exit [ 1, true ]
